   1              	# file: lab04p3.s
   2              	# desc: lab04 p3
   3              	# author: Justin Johnson, Tyler French
   4              	
   5              	.include "macros.inc"
   1              	# file: macros.inc
   2              	
  34              	  .list
   6              	
   7              	  SET_TARGET
   8              	
   9              	  .text
  10              	
  11              	  FUNCTION main,global
  12              	
  13 0000 F0B5     	    push {r4,r5,r6,r7,lr}
  14              	
  15 0002 064C     	    ldr 	r4,=DS //Establish Addressability
  16 0004 94F80450 		ldrb	r5,[r4,#A-DS]  //Load A into r5
  17 0008 B4F80660 		ldrh	r6,[r4,#B-DS]  //Load B into r6
  18 000c 05EB0607 		add	r7,r5,r6  // add r5 and r6, store in r7
  19 0010 C4F80870 		str	r7,[r4,#C-DS] //store value back into memory
  20              		
  21              	    all_done:
  22              	    
  23 0014 BDE8F040 	    pop {r4,r5,r6,r7,lr}
  24              	
  25 0018 7047     	    bx lr
  26              	  
  27 001a 0000EC00 	  ENDFUNC main
  27      0000
  28              	
  29              	  .data
  30              	  
  31 0000 00000000 	  .org 234
  31      00000000 
  31      00000000 
  31      00000000 
  31      00000000 
  32 00ea A5A5     	  .align 2,0xa5
  33              	
  34 00ec BBBBBBBB 	DS:   .word  0xbbbbbbbb
  35              	
  36 00f0 7B       	A:    .byte  123
  37              	
  38 00f1 A5       	      .align 1,0xa5
  39 00f2 E3B9     	B:    .short 47587
  40              	
  41              	      .align 2,0xa5
  42 00f4 FFFFFFFF 	C:    .word  ~0
  43              	
  44              	      .align 3,0xa5
  45 00f8 EEEEEEEE 	      .word  0xeeeeeeee
  46              	
  47 00fc 00000000 	  .end
DEFINED SYMBOLS
                            *ABS*:00000001 ctxm3
       src/lab04p3.s:11     .text:00000000 main
       src/lab04p3.s:11     .text:00000000 $t
       src/lab04p3.s:34     .data:000000ec DS
       src/lab04p3.s:36     .data:000000f0 A
       src/lab04p3.s:39     .data:000000f2 B
       src/lab04p3.s:42     .data:000000f4 C
       src/lab04p3.s:21     .text:00000014 all_done
       src/lab04p3.s:27     .text:0000001a $d
       src/lab04p3.s:32     .data:000000ea $d
                   .debug_aranges:0000000c $d

NO UNDEFINED SYMBOLS
