   1              	# file: lab06p1.s
   2              	# team w4
   3              	# authors: Justin Johnson, Tyler French
   4              	
   5              	# This program does nothing
   6              	
   7              	.include "macros.inc"
   1              	# file: macros.inc
   2              	
  34              	  .list
   8              	
   9              	  SET_TARGET
  10              	
  11              	  .text
  12              	
  13              	  FUNCTION main,global
  14              	
  15              	    all_done:
  16              	
  17 0000 7047     	    bx lr
  18              	  
  19              	  ENDFUNC main
  20              	
  21 0002 00BF     	  .data
  22              	
  23              	  .end
DEFINED SYMBOLS
                            *ABS*:00000001 ctxm4
       src/lab06p1.s:13     .text:00000000 main
       src/lab06p1.s:13     .text:00000000 $t
       src/lab06p1.s:15     .text:00000000 all_done
                   .debug_aranges:0000000c $d

NO UNDEFINED SYMBOLS
