Open On-Chip Debugger 0.8.0 (2015-02-02-21:40)
Licensed under GNU GPL v2
For bug reports, read
	http://openocd.sourceforge.net/doc/doxygen/bugs.html
srst_only separate srst_nogate srst_open_drain connect_deassert_srst
Info : This adapter doesn't support configurable speed
Info : STLINK v2 JTAG v14 API v2 SWIM v0 VID 0x0483 PID 0x3748
Info : using stlink api v2
Info : Target voltage: 2.884520
Info : stm32f4x.cpu: hardware has 6 breakpoints, 4 watchpoints
Info : accepting 'gdb' connection from 3333
Info : device id = 0x10036413
Info : flash size = 1024kbytes
undefined debug reason 7 - target needs reset
target state: halted
target halted due to debug-request, current mode: Thread 
xPSR: 0x01000000 pc: 0x080003ac msp: 0x2001c000
target state: halted
target halted due to debug-request, current mode: Thread 
xPSR: 0x01000000 pc: 0x080003ac msp: 0x2001c000
target state: halted
target halted due to breakpoint, current mode: Thread 
xPSR: 0x61000000 pc: 0x20000042 msp: 0x2001c000
target state: halted
target halted due to debug-request, current mode: Thread 
xPSR: 0x01000000 pc: 0x080003b0 msp: 0x2001c000
