Open On-Chip Debugger 0.9.0 (2017-04-26-13:17)
Licensed under GNU GPL v2
For bug reports, read
	http://openocd.org/doc/doxygen/bugs.html
Info : The selected transport took over low-level target control. The results might differ compared to plain JTAG/SWD
adapter speed: 2000 kHz
adapter_nsrst_delay: 100
none separate
srst_only separate srst_nogate srst_open_drain connect_deassert_srst
Info : Unable to match requested speed 2000 kHz, using 1800 kHz
Info : Unable to match requested speed 2000 kHz, using 1800 kHz
Info : clock speed 1800 kHz
Info : STLINK v2 JTAG v25 API v2 SWIM v14 VID 0x0483 PID 0x374B
Info : using stlink api v2
Info : Target voltage: 2.889911
Info : stm32f4x.cpu: hardware has 6 breakpoints, 4 watchpoints
Info : accepting 'gdb' connection on tcp/3333
Info : device id = 0x10076413
Info : flash size = 1024kbytes
undefined debug reason 7 - target needs reset
target state: halted
target halted due to debug-request, current mode: Thread 
xPSR: 0x01000000 pc: 0x08000280 msp: 0x2001c000
target state: halted
target halted due to debug-request, current mode: Thread 
xPSR: 0x01000000 pc: 0x08000280 msp: 0x2001c000
target state: halted
target halted due to breakpoint, current mode: Thread 
xPSR: 0x61000000 pc: 0x20000042 msp: 0x2001c000
target state: halted
target halted due to debug-request, current mode: Thread 
xPSR: 0x01000000 pc: 0x080002a4 msp: 0x2001c000
Info : halted: PC: 0x08000200
Info : halted: PC: 0x08000202
Info : halted: PC: 0x08000206
Info : halted: PC: 0x08000280
Info : halted: PC: 0x08000284
Info : halted: PC: 0x08000286
Info : halted: PC: 0x08000288
Info : halted: PC: 0x0800028a
Info : halted: PC: 0x0800028c
Info : halted: PC: 0x08000290
Info : halted: PC: 0x08000294
Info : halted: PC: 0x08000298
Info : halted: PC: 0x0800029a
Info : halted: PC: 0x0800020a
Info : halted: PC: 0x0800020c
Info : halted: PC: 0x0800020e
Info : halted: PC: 0x08000210
Info : halted: PC: 0x08000212
Info : halted: PC: 0x08000214
Info : halted: PC: 0x08000216
Info : halted: PC: 0x08000218
Info : halted: PC: 0x0800021c
Info : halted: PC: 0x080001ea
Info : halted: PC: 0x0800023c
Info : halted: PC: 0x0800023e
Info : halted: PC: 0x08000242
Info : halted: PC: 0x08000280
Info : halted: PC: 0x08000284
Info : halted: PC: 0x08000286
Info : halted: PC: 0x08000288
Info : halted: PC: 0x0800028a
Info : halted: PC: 0x0800028c
Info : halted: PC: 0x08000290
Info : halted: PC: 0x08000294
Info : halted: PC: 0x08000298
Info : halted: PC: 0x0800029a
Info : halted: PC: 0x08000246
Info : halted: PC: 0x08000248
Info : halted: PC: 0x0800024a
Info : halted: PC: 0x0800024c
Info : halted: PC: 0x0800024e
Info : halted: PC: 0x08000250
Info : halted: PC: 0x08000252
Info : halted: PC: 0x08000254
Info : halted: PC: 0x08000256
Info : halted: PC: 0x08000258
Info : halted: PC: 0x0800025c
Info : halted: PC: 0x080001ee
Info : halted: PC: 0x0800022c
Info : halted: PC: 0x0800022e
Info : halted: PC: 0x08000230
Info : halted: PC: 0x08000232
Info : halted: PC: 0x08000236
Info : halted: PC: 0x080001f2
Info : halted: PC: 0x08000270
Info : halted: PC: 0x08000272
Info : halted: PC: 0x08000274
Info : halted: PC: 0x08000276
Info : halted: PC: 0x0800027a
Info : halted: PC: 0x080001f6
Info : halted: PC: 0x080001ee
Info : halted: PC: 0x0800022c
Info : halted: PC: 0x0800022e
Info : halted: PC: 0x08000230
Info : halted: PC: 0x08000232
Info : halted: PC: 0x08000236
Info : halted: PC: 0x080001f2
Info : halted: PC: 0x08000270
Info : halted: PC: 0x08000272
Info : halted: PC: 0x08000274
Info : halted: PC: 0x08000276
Info : halted: PC: 0x0800027a
Info : halted: PC: 0x080001f6
Info : halted: PC: 0x080001ee
Info : halted: PC: 0x0800022c
Info : halted: PC: 0x0800022e
