   1              	# file: lab06p2b.s
   2              	# team w4
   3              	# authors: Justin Johnson, Tyler French
   4              	
   5              	.include "macros.inc"
   1              	# file: macros.inc
   2              	
  34              	  .list
   6              	
   7              	  SET_TARGET
   8              	
   9              	  .text
  10              	
  11              		.equ GPIOD_BASE, 0x40020c00 
  12              		.equ GPIO_MODER, 0x00
  13              		.equ GPIO_ODR, 0x14
  14              	
  15              	  FUNCTION main,global
  16              	
  17 0000 F0B5     	    push {r4,r5,r6,r7,lr}			//push registers onto the stack
  18              	
  19 0002 054C     	    ldr  r4,=GPIOD_BASE				//establish addressability to GPIOD_BASE, using r4
  20 0004 054A     			ldr  r2,=(0b01<<(2*14))		//setting mode to output to pin 13
  21 0006 2260     			str  r2,[r4,#GPIO_MODER]	//store the bits from r2 into MODER register
  22              	
  23 0008 054D     			ldr r5,=#0				//set off switch
  24 000a 064E     			ldr r6,=#(1<<14)	//set on switch for pin14 (red)
  25              			
  26              			A: 
  27              	
  28 000c 6661     			str r6,[r4,#GPIO_ODR]	//set the pin13 register to 1 (On)
  29 000e 6561     			str r5,[r4,#GPIO_ODR]	//set the pin13 register to 0 (Off)
  30              			
  31 0010 FCE7     			b A
  32              	
  33              	    all_done:
  34              	    
  35 0012 BDE8F040 	    pop {r4,r5,r6,r7,lr}
  36              	
  37 0016 7047     	    bx lr
  38              	  
  39 0018 000C0240 	  ENDFUNC main
  39      00000010 
  39      00000000 
  39      00400000 
  40              	
  41              	  .data
  42              	
  43              	  .end
DEFINED SYMBOLS
                            *ABS*:00000001 ctxm4
      src/lab06p2b.s:11     *ABS*:40020c00 GPIOD_BASE
      src/lab06p2b.s:12     *ABS*:00000000 GPIO_MODER
      src/lab06p2b.s:13     *ABS*:00000014 GPIO_ODR
      src/lab06p2b.s:15     .text:00000000 main
      src/lab06p2b.s:15     .text:00000000 $t
      src/lab06p2b.s:26     .text:0000000c A
      src/lab06p2b.s:33     .text:00000012 all_done
      src/lab06p2b.s:39     .text:00000018 $d
                   .debug_aranges:0000000c $d

NO UNDEFINED SYMBOLS
