   1              	# file: main_asm.s
   2              	
   3              	  SET_TARGET
   4              	
   5              	  .include "macros.inc"
   1              	# file: macros.inc
   2              	
  34              	  .list
   6              	  
   7              	  .text
   8              	  
   9              	  FUNCTION main,global
  10              	
  11              	    .warning "You did not define a main function"
  12              	  
  13 ???? F0B5     	    push {r4,r5,r6,r7,lr}
  14              	
  15 ???? C046     	    nop
  16              	    
  17              	    pop {r4,r5,r6,r7,lr}
  18              	    
  19 ???? 7047     	    bx lr
  20              	  
  21              	  ENDFUNC main
  22              	
  23              	  .end
DEFINED SYMBOLS
                            *ABS*:00000001 ctxm3
  startup/main_asm.s:9      .text:00000000 main
  startup/main_asm.s:9      .text:00000000 $t
                   .debug_aranges:0000000c $d

NO UNDEFINED SYMBOLS
