   1              	# file: lab06p3.s
   2              	# team w4
   3              	# authors: Justin Johnson, Tyler French
   4              	
   5              	.include "macros.inc"
   1              	# file: macros.inc
   2              	
  34              	  .list
   6              	
   7              	  SET_TARGET
   8              	
   9              	  .text
  10              	
  11              		.equ GPIOD_BASE, 0x40020c00 
  12              		.equ GPIO_MODER, 0x00
  13              		.equ GPIO_ODR, 0x14
  14              	
  15              	  FUNCTION main,global
  16              	
  17 0000 F9B5     	    push {r0,r3,r4,r5,r6,r7,lr}			//push registers onto the stack
  18              	
  19 0002 084C     	    ldr  r4,=GPIOD_BASE				//establish addressability to GPIOD_BASE, using r4
  20 0004 084A     			ldr  r2,=(0b01<<(2*14))		//setting mode to output to pin 13
  21 0006 2260     			str  r2,[r4,#GPIO_MODER]	//store the bits from r2 into MODER register
  22              	
  23 0008 084D     			ldr r5,=#0				//set off switch
  24 000a 094E     			ldr r6,=#(1<<14)	//set on switch for pin14 (red)
  25              			
  26              			A: 
  27              	
  28 000c 6661     			str r6,[r4,#GPIO_ODR]	//set the pin13 register to 1 (On)
  29 000e 0948     			ldr r0,=1000000			//load r0 with 1000000
  30 0010 00F012F8 			bl delay				//call delay function
  31 0014 6561     			str r5,[r4,#GPIO_ODR]	//set the pin13 register to 0 (Off)
  32 0016 0748     			ldr r0,=1000000
  33 0018 00F00EF8 			bl delay	
  34              		
  35 001c F6E7     			b A
  36              	
  37              	    all_done:
  38              	    
  39 001e BDE8F940 	    pop {r0,r3,r4,r5,r6,r7,lr}
  40              	
  41 0022 7047     	    bx lr
  42              	  
  43 0024 000C0240 	  ENDFUNC main
  43      00000010 
  43      00000000 
  43      00400000 
  43      40420F00 
  44              	
  45              	  FUNCTION  delay
  46              	
  47 0038 4FF00003 		mov r3,#0	//put 0 into r3
  48              		
  49              		delay_loop:
  50              		
  51 003c A0F10100 			sub r0,#1	//subtract 1 from r0
  52 0040 9842     			cmp r0,r3	//compare r0 and r3, set a flag
  53 0042 FBDA     			bge delay_loop
  54              	
  55 0044 7047     		bx lr
  56              	
  57              	  ENDFUNC delay 
  58              	
  59 0046 00BF     	  .data
  60              	
  61              	  .end
DEFINED SYMBOLS
                            *ABS*:00000001 ctxm4
       src/lab06p3.s:11     *ABS*:40020c00 GPIOD_BASE
       src/lab06p3.s:12     *ABS*:00000000 GPIO_MODER
       src/lab06p3.s:13     *ABS*:00000014 GPIO_ODR
       src/lab06p3.s:15     .text:00000000 main
       src/lab06p3.s:15     .text:00000000 $t
       src/lab06p3.s:26     .text:0000000c A
       src/lab06p3.s:45     .text:00000038 delay
       src/lab06p3.s:37     .text:0000001e all_done
       src/lab06p3.s:43     .text:00000024 $d
       src/lab06p3.s:45     .text:00000038 $t
       src/lab06p3.s:49     .text:0000003c delay_loop
                   .debug_aranges:0000000c $d

NO UNDEFINED SYMBOLS
