Open On-Chip Debugger 0.9.0 (2017-04-26-13:17)
Licensed under GNU GPL v2
For bug reports, read
	http://openocd.org/doc/doxygen/bugs.html
Info : The selected transport took over low-level target control. The results might differ compared to plain JTAG/SWD
adapter speed: 2000 kHz
adapter_nsrst_delay: 100
none separate
srst_only separate srst_nogate srst_open_drain connect_deassert_srst
Info : Unable to match requested speed 2000 kHz, using 1800 kHz
Info : Unable to match requested speed 2000 kHz, using 1800 kHz
Info : clock speed 1800 kHz
Info : STLINK v2 JTAG v25 API v2 SWIM v14 VID 0x0483 PID 0x374B
Info : using stlink api v2
Info : Target voltage: 2.887079
Info : stm32f4x.cpu: hardware has 6 breakpoints, 4 watchpoints
Info : accepting 'gdb' connection on tcp/3333
Info : device id = 0x10076413
Info : flash size = 1024kbytes
target state: halted
target halted due to debug-request, current mode: Thread 
xPSR: 0x01000000 pc: 0x080003b0 msp: 0x2001c000
target state: halted
target halted due to debug-request, current mode: Thread 
xPSR: 0x01000000 pc: 0x080003b0 msp: 0x2001c000
target state: halted
target halted due to breakpoint, current mode: Thread 
xPSR: 0x61000000 pc: 0x20000042 msp: 0x2001c000
target state: halted
target halted due to debug-request, current mode: Thread 
xPSR: 0x01000000 pc: 0x080003b0 msp: 0x2001c000
